<?xml version="1.0" encoding="UTF-8"?>
<testng-results ignored="0" total="2" passed="2" failed="0" skipped="0">
  <reporter-output>
  </reporter-output>
  <suite started-at="2023-11-02T21:16:06 CET" name="Default suite" finished-at="2023-11-02T21:16:09 CET" duration-ms="2885">
    <groups>
    </groups>
    <test started-at="2023-11-02T21:16:06 CET" name="Default test" finished-at="2023-11-02T21:16:09 CET" duration-ms="2885">
      <class name="api.endpoints.TeleportPublicApiTest">
        <test-method signature="testGetAfricaContinent()[pri:0, instance:api.endpoints.TeleportPublicApiTest@4313f5bc]" started-at="2023-11-02T21:16:06 CET" name="testGetAfricaContinent" finished-at="2023-11-02T21:16:09 CET" duration-ms="2539" status="PASS">
          <reporter-output>
          </reporter-output>
        </test-method> <!-- testGetAfricaContinent -->
        <test-method signature="testGetAlternateNamesForMiamiCity()[pri:0, instance:api.endpoints.TeleportPublicApiTest@4313f5bc]" started-at="2023-11-02T21:16:09 CET" name="testGetAlternateNamesForMiamiCity" finished-at="2023-11-02T21:16:09 CET" duration-ms="294" status="PASS">
          <reporter-output>
          </reporter-output>
        </test-method> <!-- testGetAlternateNamesForMiamiCity -->
      </class> <!-- api.endpoints.TeleportPublicApiTest -->
    </test> <!-- Default test -->
  </suite> <!-- Default suite -->
</testng-results>
