<?xml version="1.0" encoding="UTF-8"?>
<!-- Generated by org.testng.reporters.JUnitXMLReporter -->
<testsuite ignored="0" hostname="lenovo-Komputer" failures="0" tests="2" name="Default test" time="2.885" errors="0" timestamp="2023-11-02T21:16:09 CET">
  <testcase classname="api.endpoints.TeleportPublicApiTest" name="testGetAfricaContinent" time="2.539"/>
  <testcase classname="api.endpoints.TeleportPublicApiTest" name="testGetAlternateNamesForMiamiCity" time="0.294"/>
</testsuite> <!-- Default test -->
